Determining if the pthread_create exist failed with the following output:
Change Dir: /home/nvidia/Downloads/my_ws/build/urdf_v6/CMakeFiles/CMakeTmp

Run Build Command:"/usr/bin/make" "cmTC_03327/fast"
/usr/bin/make -f CMakeFiles/cmTC_03327.dir/build.make CMakeFiles/cmTC_03327.dir/build
make[1]: Entering directory '/home/nvidia/Downloads/my_ws/build/urdf_v6/CMakeFiles/CMakeTmp'
Building C object CMakeFiles/cmTC_03327.dir/CheckSymbolExists.c.o
/usr/bin/cc    -o CMakeFiles/cmTC_03327.dir/CheckSymbolExists.c.o   -c /home/nvidia/Downloads/my_ws/build/urdf_v6/CMakeFiles/CMakeTmp/CheckSymbolExists.c
Linking C executable cmTC_03327
/usr/bin/cmake -E cmake_link_script CMakeFiles/cmTC_03327.dir/link.txt --verbose=1
/usr/bin/cc      -rdynamic CMakeFiles/cmTC_03327.dir/CheckSymbolExists.c.o  -o cmTC_03327 
CMakeFiles/cmTC_03327.dir/CheckSymbolExists.c.o: In function `main':
CheckSymbolExists.c:(.text+0x14): undefined reference to `pthread_create'
CheckSymbolExists.c:(.text+0x18): undefined reference to `pthread_create'
collect2: error: ld returned 1 exit status
CMakeFiles/cmTC_03327.dir/build.make:97: recipe for target 'cmTC_03327' failed
make[1]: *** [cmTC_03327] Error 1
make[1]: Leaving directory '/home/nvidia/Downloads/my_ws/build/urdf_v6/CMakeFiles/CMakeTmp'
Makefile:126: recipe for target 'cmTC_03327/fast' failed
make: *** [cmTC_03327/fast] Error 2

File /home/nvidia/Downloads/my_ws/build/urdf_v6/CMakeFiles/CMakeTmp/CheckSymbolExists.c:
/* */
#include <pthread.h>

int main(int argc, char** argv)
{
  (void)argv;
#ifndef pthread_create
  return ((int*)(&pthread_create))[argc];
#else
  (void)argc;
  return 0;
#endif
}

Determining if the function pthread_create exists in the pthreads failed with the following output:
Change Dir: /home/nvidia/Downloads/my_ws/build/urdf_v6/CMakeFiles/CMakeTmp

Run Build Command:"/usr/bin/make" "cmTC_efd8f/fast"
/usr/bin/make -f CMakeFiles/cmTC_efd8f.dir/build.make CMakeFiles/cmTC_efd8f.dir/build
make[1]: Entering directory '/home/nvidia/Downloads/my_ws/build/urdf_v6/CMakeFiles/CMakeTmp'
Building C object CMakeFiles/cmTC_efd8f.dir/CheckFunctionExists.c.o
/usr/bin/cc   -DCHECK_FUNCTION_EXISTS=pthread_create   -o CMakeFiles/cmTC_efd8f.dir/CheckFunctionExists.c.o   -c /usr/share/cmake-3.10/Modules/CheckFunctionExists.c
Linking C executable cmTC_efd8f
/usr/bin/cmake -E cmake_link_script CMakeFiles/cmTC_efd8f.dir/link.txt --verbose=1
/usr/bin/cc  -DCHECK_FUNCTION_EXISTS=pthread_create    -rdynamic CMakeFiles/cmTC_efd8f.dir/CheckFunctionExists.c.o  -o cmTC_efd8f -lpthreads 
/usr/bin/ld: cannot find -lpthreads
collect2: error: ld returned 1 exit status
CMakeFiles/cmTC_efd8f.dir/build.make:97: recipe for target 'cmTC_efd8f' failed
make[1]: *** [cmTC_efd8f] Error 1
make[1]: Leaving directory '/home/nvidia/Downloads/my_ws/build/urdf_v6/CMakeFiles/CMakeTmp'
Makefile:126: recipe for target 'cmTC_efd8f/fast' failed
make: *** [cmTC_efd8f/fast] Error 2


