Determining if the pthread_create exist failed with the following output:
Change Dir: /home/nvidia/Downloads/my_ws/build/hector_nav_msgs/CMakeFiles/CMakeTmp

Run Build Command:"/usr/bin/make" "cmTC_246e0/fast"
/usr/bin/make -f CMakeFiles/cmTC_246e0.dir/build.make CMakeFiles/cmTC_246e0.dir/build
make[1]: Entering directory '/home/nvidia/Downloads/my_ws/build/hector_nav_msgs/CMakeFiles/CMakeTmp'
Building C object CMakeFiles/cmTC_246e0.dir/CheckSymbolExists.c.o
/usr/bin/cc    -o CMakeFiles/cmTC_246e0.dir/CheckSymbolExists.c.o   -c /home/nvidia/Downloads/my_ws/build/hector_nav_msgs/CMakeFiles/CMakeTmp/CheckSymbolExists.c
Linking C executable cmTC_246e0
/usr/bin/cmake -E cmake_link_script CMakeFiles/cmTC_246e0.dir/link.txt --verbose=1
/usr/bin/cc      -rdynamic CMakeFiles/cmTC_246e0.dir/CheckSymbolExists.c.o  -o cmTC_246e0 
CMakeFiles/cmTC_246e0.dir/CheckSymbolExists.c.o: In function `main':
CheckSymbolExists.c:(.text+0x14): undefined reference to `pthread_create'
CheckSymbolExists.c:(.text+0x18): undefined reference to `pthread_create'
collect2: error: ld returned 1 exit status
CMakeFiles/cmTC_246e0.dir/build.make:97: recipe for target 'cmTC_246e0' failed
make[1]: *** [cmTC_246e0] Error 1
make[1]: Leaving directory '/home/nvidia/Downloads/my_ws/build/hector_nav_msgs/CMakeFiles/CMakeTmp'
Makefile:126: recipe for target 'cmTC_246e0/fast' failed
make: *** [cmTC_246e0/fast] Error 2

File /home/nvidia/Downloads/my_ws/build/hector_nav_msgs/CMakeFiles/CMakeTmp/CheckSymbolExists.c:
/* */
#include <pthread.h>

int main(int argc, char** argv)
{
  (void)argv;
#ifndef pthread_create
  return ((int*)(&pthread_create))[argc];
#else
  (void)argc;
  return 0;
#endif
}

Determining if the function pthread_create exists in the pthreads failed with the following output:
Change Dir: /home/nvidia/Downloads/my_ws/build/hector_nav_msgs/CMakeFiles/CMakeTmp

Run Build Command:"/usr/bin/make" "cmTC_9cc3b/fast"
/usr/bin/make -f CMakeFiles/cmTC_9cc3b.dir/build.make CMakeFiles/cmTC_9cc3b.dir/build
make[1]: Entering directory '/home/nvidia/Downloads/my_ws/build/hector_nav_msgs/CMakeFiles/CMakeTmp'
Building C object CMakeFiles/cmTC_9cc3b.dir/CheckFunctionExists.c.o
/usr/bin/cc   -DCHECK_FUNCTION_EXISTS=pthread_create   -o CMakeFiles/cmTC_9cc3b.dir/CheckFunctionExists.c.o   -c /usr/share/cmake-3.10/Modules/CheckFunctionExists.c
Linking C executable cmTC_9cc3b
/usr/bin/cmake -E cmake_link_script CMakeFiles/cmTC_9cc3b.dir/link.txt --verbose=1
/usr/bin/cc  -DCHECK_FUNCTION_EXISTS=pthread_create    -rdynamic CMakeFiles/cmTC_9cc3b.dir/CheckFunctionExists.c.o  -o cmTC_9cc3b -lpthreads 
/usr/bin/ld: cannot find -lpthreads
collect2: error: ld returned 1 exit status
CMakeFiles/cmTC_9cc3b.dir/build.make:97: recipe for target 'cmTC_9cc3b' failed
make[1]: *** [cmTC_9cc3b] Error 1
make[1]: Leaving directory '/home/nvidia/Downloads/my_ws/build/hector_nav_msgs/CMakeFiles/CMakeTmp'
Makefile:126: recipe for target 'cmTC_9cc3b/fast' failed
make: *** [cmTC_9cc3b/fast] Error 2


