Determining if the pthread_create exist failed with the following output:
Change Dir: /home/nvidia/Downloads/my_ws/build/rplidar_ros/CMakeFiles/CMakeTmp

Run Build Command:"/usr/bin/make" "cmTC_93ef0/fast"
/usr/bin/make -f CMakeFiles/cmTC_93ef0.dir/build.make CMakeFiles/cmTC_93ef0.dir/build
make[1]: Entering directory '/home/nvidia/Downloads/my_ws/build/rplidar_ros/CMakeFiles/CMakeTmp'
Building C object CMakeFiles/cmTC_93ef0.dir/CheckSymbolExists.c.o
/usr/bin/cc    -o CMakeFiles/cmTC_93ef0.dir/CheckSymbolExists.c.o   -c /home/nvidia/Downloads/my_ws/build/rplidar_ros/CMakeFiles/CMakeTmp/CheckSymbolExists.c
Linking C executable cmTC_93ef0
/usr/bin/cmake -E cmake_link_script CMakeFiles/cmTC_93ef0.dir/link.txt --verbose=1
/usr/bin/cc      -rdynamic CMakeFiles/cmTC_93ef0.dir/CheckSymbolExists.c.o  -o cmTC_93ef0 
CMakeFiles/cmTC_93ef0.dir/CheckSymbolExists.c.o: In function `main':
CheckSymbolExists.c:(.text+0x14): undefined reference to `pthread_create'
CheckSymbolExists.c:(.text+0x18): undefined reference to `pthread_create'
collect2: error: ld returned 1 exit status
CMakeFiles/cmTC_93ef0.dir/build.make:97: recipe for target 'cmTC_93ef0' failed
make[1]: *** [cmTC_93ef0] Error 1
make[1]: Leaving directory '/home/nvidia/Downloads/my_ws/build/rplidar_ros/CMakeFiles/CMakeTmp'
Makefile:126: recipe for target 'cmTC_93ef0/fast' failed
make: *** [cmTC_93ef0/fast] Error 2

File /home/nvidia/Downloads/my_ws/build/rplidar_ros/CMakeFiles/CMakeTmp/CheckSymbolExists.c:
/* */
#include <pthread.h>

int main(int argc, char** argv)
{
  (void)argv;
#ifndef pthread_create
  return ((int*)(&pthread_create))[argc];
#else
  (void)argc;
  return 0;
#endif
}

Determining if the function pthread_create exists in the pthreads failed with the following output:
Change Dir: /home/nvidia/Downloads/my_ws/build/rplidar_ros/CMakeFiles/CMakeTmp

Run Build Command:"/usr/bin/make" "cmTC_fbeee/fast"
/usr/bin/make -f CMakeFiles/cmTC_fbeee.dir/build.make CMakeFiles/cmTC_fbeee.dir/build
make[1]: Entering directory '/home/nvidia/Downloads/my_ws/build/rplidar_ros/CMakeFiles/CMakeTmp'
Building C object CMakeFiles/cmTC_fbeee.dir/CheckFunctionExists.c.o
/usr/bin/cc   -DCHECK_FUNCTION_EXISTS=pthread_create   -o CMakeFiles/cmTC_fbeee.dir/CheckFunctionExists.c.o   -c /usr/share/cmake-3.10/Modules/CheckFunctionExists.c
Linking C executable cmTC_fbeee
/usr/bin/cmake -E cmake_link_script CMakeFiles/cmTC_fbeee.dir/link.txt --verbose=1
/usr/bin/cc  -DCHECK_FUNCTION_EXISTS=pthread_create    -rdynamic CMakeFiles/cmTC_fbeee.dir/CheckFunctionExists.c.o  -o cmTC_fbeee -lpthreads 
/usr/bin/ld: cannot find -lpthreads
collect2: error: ld returned 1 exit status
CMakeFiles/cmTC_fbeee.dir/build.make:97: recipe for target 'cmTC_fbeee' failed
make[1]: *** [cmTC_fbeee] Error 1
make[1]: Leaving directory '/home/nvidia/Downloads/my_ws/build/rplidar_ros/CMakeFiles/CMakeTmp'
Makefile:126: recipe for target 'cmTC_fbeee/fast' failed
make: *** [cmTC_fbeee/fast] Error 2


