Determining if the pthread_create exist failed with the following output:
Change Dir: /home/nvidia/Downloads/my_ws/build/hector_map_server/CMakeFiles/CMakeTmp

Run Build Command:"/usr/bin/make" "cmTC_a394a/fast"
/usr/bin/make -f CMakeFiles/cmTC_a394a.dir/build.make CMakeFiles/cmTC_a394a.dir/build
make[1]: Entering directory '/home/nvidia/Downloads/my_ws/build/hector_map_server/CMakeFiles/CMakeTmp'
Building C object CMakeFiles/cmTC_a394a.dir/CheckSymbolExists.c.o
/usr/bin/cc    -o CMakeFiles/cmTC_a394a.dir/CheckSymbolExists.c.o   -c /home/nvidia/Downloads/my_ws/build/hector_map_server/CMakeFiles/CMakeTmp/CheckSymbolExists.c
Linking C executable cmTC_a394a
/usr/bin/cmake -E cmake_link_script CMakeFiles/cmTC_a394a.dir/link.txt --verbose=1
/usr/bin/cc      -rdynamic CMakeFiles/cmTC_a394a.dir/CheckSymbolExists.c.o  -o cmTC_a394a 
CMakeFiles/cmTC_a394a.dir/CheckSymbolExists.c.o: In function `main':
CheckSymbolExists.c:(.text+0x14): undefined reference to `pthread_create'
CheckSymbolExists.c:(.text+0x18): undefined reference to `pthread_create'
collect2: error: ld returned 1 exit status
CMakeFiles/cmTC_a394a.dir/build.make:97: recipe for target 'cmTC_a394a' failed
make[1]: *** [cmTC_a394a] Error 1
make[1]: Leaving directory '/home/nvidia/Downloads/my_ws/build/hector_map_server/CMakeFiles/CMakeTmp'
Makefile:126: recipe for target 'cmTC_a394a/fast' failed
make: *** [cmTC_a394a/fast] Error 2

File /home/nvidia/Downloads/my_ws/build/hector_map_server/CMakeFiles/CMakeTmp/CheckSymbolExists.c:
/* */
#include <pthread.h>

int main(int argc, char** argv)
{
  (void)argv;
#ifndef pthread_create
  return ((int*)(&pthread_create))[argc];
#else
  (void)argc;
  return 0;
#endif
}

Determining if the function pthread_create exists in the pthreads failed with the following output:
Change Dir: /home/nvidia/Downloads/my_ws/build/hector_map_server/CMakeFiles/CMakeTmp

Run Build Command:"/usr/bin/make" "cmTC_cac28/fast"
/usr/bin/make -f CMakeFiles/cmTC_cac28.dir/build.make CMakeFiles/cmTC_cac28.dir/build
make[1]: Entering directory '/home/nvidia/Downloads/my_ws/build/hector_map_server/CMakeFiles/CMakeTmp'
Building C object CMakeFiles/cmTC_cac28.dir/CheckFunctionExists.c.o
/usr/bin/cc   -DCHECK_FUNCTION_EXISTS=pthread_create   -o CMakeFiles/cmTC_cac28.dir/CheckFunctionExists.c.o   -c /usr/share/cmake-3.10/Modules/CheckFunctionExists.c
Linking C executable cmTC_cac28
/usr/bin/cmake -E cmake_link_script CMakeFiles/cmTC_cac28.dir/link.txt --verbose=1
/usr/bin/cc  -DCHECK_FUNCTION_EXISTS=pthread_create    -rdynamic CMakeFiles/cmTC_cac28.dir/CheckFunctionExists.c.o  -o cmTC_cac28 -lpthreads 
/usr/bin/ld: cannot find -lpthreads
collect2: error: ld returned 1 exit status
CMakeFiles/cmTC_cac28.dir/build.make:97: recipe for target 'cmTC_cac28' failed
make[1]: *** [cmTC_cac28] Error 1
make[1]: Leaving directory '/home/nvidia/Downloads/my_ws/build/hector_map_server/CMakeFiles/CMakeTmp'
Makefile:126: recipe for target 'cmTC_cac28/fast' failed
make: *** [cmTC_cac28/fast] Error 2


