Determining if the pthread_create exist failed with the following output:
Change Dir: /home/nvidia/Downloads/my_ws/build/hector_imu_tools/CMakeFiles/CMakeTmp

Run Build Command:"/usr/bin/make" "cmTC_7033b/fast"
/usr/bin/make -f CMakeFiles/cmTC_7033b.dir/build.make CMakeFiles/cmTC_7033b.dir/build
make[1]: Entering directory '/home/nvidia/Downloads/my_ws/build/hector_imu_tools/CMakeFiles/CMakeTmp'
Building C object CMakeFiles/cmTC_7033b.dir/CheckSymbolExists.c.o
/usr/bin/cc    -o CMakeFiles/cmTC_7033b.dir/CheckSymbolExists.c.o   -c /home/nvidia/Downloads/my_ws/build/hector_imu_tools/CMakeFiles/CMakeTmp/CheckSymbolExists.c
Linking C executable cmTC_7033b
/usr/bin/cmake -E cmake_link_script CMakeFiles/cmTC_7033b.dir/link.txt --verbose=1
/usr/bin/cc      -rdynamic CMakeFiles/cmTC_7033b.dir/CheckSymbolExists.c.o  -o cmTC_7033b 
CMakeFiles/cmTC_7033b.dir/CheckSymbolExists.c.o: In function `main':
CheckSymbolExists.c:(.text+0x14): undefined reference to `pthread_create'
CheckSymbolExists.c:(.text+0x18): undefined reference to `pthread_create'
collect2: error: ld returned 1 exit status
CMakeFiles/cmTC_7033b.dir/build.make:97: recipe for target 'cmTC_7033b' failed
make[1]: *** [cmTC_7033b] Error 1
make[1]: Leaving directory '/home/nvidia/Downloads/my_ws/build/hector_imu_tools/CMakeFiles/CMakeTmp'
Makefile:126: recipe for target 'cmTC_7033b/fast' failed
make: *** [cmTC_7033b/fast] Error 2

File /home/nvidia/Downloads/my_ws/build/hector_imu_tools/CMakeFiles/CMakeTmp/CheckSymbolExists.c:
/* */
#include <pthread.h>

int main(int argc, char** argv)
{
  (void)argv;
#ifndef pthread_create
  return ((int*)(&pthread_create))[argc];
#else
  (void)argc;
  return 0;
#endif
}

Determining if the function pthread_create exists in the pthreads failed with the following output:
Change Dir: /home/nvidia/Downloads/my_ws/build/hector_imu_tools/CMakeFiles/CMakeTmp

Run Build Command:"/usr/bin/make" "cmTC_e8a9e/fast"
/usr/bin/make -f CMakeFiles/cmTC_e8a9e.dir/build.make CMakeFiles/cmTC_e8a9e.dir/build
make[1]: Entering directory '/home/nvidia/Downloads/my_ws/build/hector_imu_tools/CMakeFiles/CMakeTmp'
Building C object CMakeFiles/cmTC_e8a9e.dir/CheckFunctionExists.c.o
/usr/bin/cc   -DCHECK_FUNCTION_EXISTS=pthread_create   -o CMakeFiles/cmTC_e8a9e.dir/CheckFunctionExists.c.o   -c /usr/share/cmake-3.10/Modules/CheckFunctionExists.c
Linking C executable cmTC_e8a9e
/usr/bin/cmake -E cmake_link_script CMakeFiles/cmTC_e8a9e.dir/link.txt --verbose=1
/usr/bin/cc  -DCHECK_FUNCTION_EXISTS=pthread_create    -rdynamic CMakeFiles/cmTC_e8a9e.dir/CheckFunctionExists.c.o  -o cmTC_e8a9e -lpthreads 
/usr/bin/ld: cannot find -lpthreads
collect2: error: ld returned 1 exit status
CMakeFiles/cmTC_e8a9e.dir/build.make:97: recipe for target 'cmTC_e8a9e' failed
make[1]: *** [cmTC_e8a9e] Error 1
make[1]: Leaving directory '/home/nvidia/Downloads/my_ws/build/hector_imu_tools/CMakeFiles/CMakeTmp'
Makefile:126: recipe for target 'cmTC_e8a9e/fast' failed
make: *** [cmTC_e8a9e/fast] Error 2


